2024-06-19T18:05:28.423-05:00  INFO 65676 --- [productrestapi] [main] c.e.springweb.ProductrestapiApplication  : Starting ProductrestapiApplication using Java 17.0.11 with PID 65676 (/Users/raj/git/CODESPRINGBOOT/productrestapi_updated/target/classes started by raj in /Users/raj/git/CODESPRINGBOOT/productrestapi_updated)
2024-06-19T18:05:28.426-05:00  INFO 65676 --- [productrestapi] [main] c.e.springweb.ProductrestapiApplication  : No active profile set, falling back to 1 default profile: "default"
2024-06-19T18:05:29.120-05:00  INFO 65676 --- [productrestapi] [main] .s.d.r.c.RepositoryConfigurationDelegate : Bootstrapping Spring Data JPA repositories in DEFAULT mode.
2024-06-19T18:05:29.167-05:00  INFO 65676 --- [productrestapi] [main] .s.d.r.c.RepositoryConfigurationDelegate : Finished Spring Data repository scanning in 41 ms. Found 1 JPA repository interface.
2024-06-19T18:05:29.671-05:00  INFO 65676 --- [productrestapi] [main] o.s.b.w.embedded.tomcat.TomcatWebServer  : Tomcat initialized with port 8080 (http)
2024-06-19T18:05:29.688-05:00  INFO 65676 --- [productrestapi] [main] o.apache.catalina.core.StandardService   : Starting service [Tomcat]
2024-06-19T18:05:29.688-05:00  INFO 65676 --- [productrestapi] [main] o.apache.catalina.core.StandardEngine    : Starting Servlet engine: [Apache Tomcat/10.1.24]
2024-06-19T18:05:29.737-05:00  INFO 65676 --- [productrestapi] [main] o.a.c.c.C.[Tomcat].[localhost].[/]       : Initializing Spring embedded WebApplicationContext
2024-06-19T18:05:29.738-05:00  INFO 65676 --- [productrestapi] [main] w.s.c.ServletWebServerApplicationContext : Root WebApplicationContext: initialization completed in 1267 ms
2024-06-19T18:05:29.872-05:00  INFO 65676 --- [productrestapi] [main] com.zaxxer.hikari.HikariDataSource       : HikariPool-1 - Starting...
2024-06-19T18:05:30.162-05:00  INFO 65676 --- [productrestapi] [main] com.zaxxer.hikari.pool.HikariPool        : HikariPool-1 - Added connection com.mysql.cj.jdbc.ConnectionImpl@463045fb
2024-06-19T18:05:30.164-05:00  INFO 65676 --- [productrestapi] [main] com.zaxxer.hikari.HikariDataSource       : HikariPool-1 - Start completed.
2024-06-19T18:05:30.201-05:00  INFO 65676 --- [productrestapi] [main] o.hibernate.jpa.internal.util.LogHelper  : HHH000204: Processing PersistenceUnitInfo [name: default]
2024-06-19T18:05:30.229-05:00  INFO 65676 --- [productrestapi] [main] org.hibernate.Version                    : HHH000412: Hibernate ORM core version 6.5.2.Final
2024-06-19T18:05:30.247-05:00  INFO 65676 --- [productrestapi] [main] o.h.c.internal.RegionFactoryInitiator    : HHH000026: Second-level cache disabled
2024-06-19T18:05:30.454-05:00  INFO 65676 --- [productrestapi] [main] o.s.o.j.p.SpringPersistenceUnitInfo      : No LoadTimeWeaver setup: ignoring JPA class transformer
2024-06-19T18:05:31.071-05:00  INFO 65676 --- [productrestapi] [main] o.h.e.t.j.p.i.JtaPlatformInitiator       : HHH000489: No JTA platform available (set 'hibernate.transaction.jta.platform' to enable JTA platform integration)
2024-06-19T18:05:31.074-05:00  INFO 65676 --- [productrestapi] [main] j.LocalContainerEntityManagerFactoryBean : Initialized JPA EntityManagerFactory for persistence unit 'default'
2024-06-19T18:05:31.359-05:00  WARN 65676 --- [productrestapi] [main] JpaBaseConfiguration$JpaWebConfiguration : spring.jpa.open-in-view is enabled by default. Therefore, database queries may be performed during view rendering. Explicitly configure spring.jpa.open-in-view to disable this warning
2024-06-19T18:05:31.683-05:00  INFO 65676 --- [productrestapi] [main] o.s.b.w.embedded.tomcat.TomcatWebServer  : Tomcat started on port 8080 (http) with context path '/'
2024-06-19T18:05:31.693-05:00  INFO 65676 --- [productrestapi] [main] c.e.springweb.ProductrestapiApplication  : Started ProductrestapiApplication in 3.773 seconds (process running for 4.518)
2024-06-19T18:06:09.601-05:00  INFO 65725 --- [productrestapi] [main] c.e.s.ProductrestapiApplicationTests     : Starting ProductrestapiApplicationTests using Java 17.0.11 with PID 65725 (started by raj in /Users/raj/git/CODESPRINGBOOT/productrestapi_updated)
2024-06-19T18:06:09.610-05:00  INFO 65725 --- [productrestapi] [main] c.e.s.ProductrestapiApplicationTests     : No active profile set, falling back to 1 default profile: "default"
2024-06-19T18:06:10.696-05:00  INFO 65725 --- [productrestapi] [main] .s.d.r.c.RepositoryConfigurationDelegate : Bootstrapping Spring Data JPA repositories in DEFAULT mode.
2024-06-19T18:06:10.765-05:00  INFO 65725 --- [productrestapi] [main] .s.d.r.c.RepositoryConfigurationDelegate : Finished Spring Data repository scanning in 61 ms. Found 1 JPA repository interface.
2024-06-19T18:06:11.643-05:00  INFO 65725 --- [productrestapi] [main] com.zaxxer.hikari.HikariDataSource       : HikariPool-1 - Starting...
2024-06-19T18:06:12.044-05:00  INFO 65725 --- [productrestapi] [main] com.zaxxer.hikari.pool.HikariPool        : HikariPool-1 - Added connection com.mysql.cj.jdbc.ConnectionImpl@4a2bf50f
2024-06-19T18:06:12.048-05:00  INFO 65725 --- [productrestapi] [main] com.zaxxer.hikari.HikariDataSource       : HikariPool-1 - Start completed.
2024-06-19T18:06:12.131-05:00  INFO 65725 --- [productrestapi] [main] o.hibernate.jpa.internal.util.LogHelper  : HHH000204: Processing PersistenceUnitInfo [name: default]
2024-06-19T18:06:12.196-05:00  INFO 65725 --- [productrestapi] [main] org.hibernate.Version                    : HHH000412: Hibernate ORM core version 6.5.2.Final
2024-06-19T18:06:12.237-05:00  INFO 65725 --- [productrestapi] [main] o.h.c.internal.RegionFactoryInitiator    : HHH000026: Second-level cache disabled
2024-06-19T18:06:12.553-05:00  INFO 65725 --- [productrestapi] [main] o.s.o.j.p.SpringPersistenceUnitInfo      : No LoadTimeWeaver setup: ignoring JPA class transformer
2024-06-19T18:06:13.404-05:00  INFO 65725 --- [productrestapi] [main] o.h.e.t.j.p.i.JtaPlatformInitiator       : HHH000489: No JTA platform available (set 'hibernate.transaction.jta.platform' to enable JTA platform integration)
2024-06-19T18:06:13.410-05:00  INFO 65725 --- [productrestapi] [main] j.LocalContainerEntityManagerFactoryBean : Initialized JPA EntityManagerFactory for persistence unit 'default'
2024-06-19T18:06:13.948-05:00  WARN 65725 --- [productrestapi] [main] JpaBaseConfiguration$JpaWebConfiguration : spring.jpa.open-in-view is enabled by default. Therefore, database queries may be performed during view rendering. Explicitly configure spring.jpa.open-in-view to disable this warning
2024-06-19T18:06:14.726-05:00  INFO 65725 --- [productrestapi] [main] c.e.s.ProductrestapiApplicationTests     : Started ProductrestapiApplicationTests in 5.664 seconds (process running for 7.311)
2024-06-19T18:06:15.804-05:00  INFO 65676 --- [productrestapi] [http-nio-8080-exec-1] o.a.c.c.C.[Tomcat].[localhost].[/]       : Initializing Spring DispatcherServlet 'dispatcherServlet'
2024-06-19T18:06:15.805-05:00  INFO 65676 --- [productrestapi] [http-nio-8080-exec-1] o.s.web.servlet.DispatcherServlet        : Initializing Servlet 'dispatcherServlet'
2024-06-19T18:06:15.813-05:00  INFO 65676 --- [productrestapi] [http-nio-8080-exec-1] o.s.web.servlet.DispatcherServlet        : Completed initialization in 6 ms
2024-06-19T18:06:16.160-05:00  INFO 65676 --- [productrestapi] [http-nio-8080-exec-2] c.e.s.controller.ProductRestController   : Product find by ID:10
2024-06-19T18:06:16.217-05:00  INFO 65676 --- [productrestapi] [http-nio-8080-exec-3] c.e.s.controller.ProductRestController   : Product find by ID:9
2024-06-19T18:06:16.265-05:00  INFO 65725 --- [productrestapi] [SpringApplicationShutdownHook] j.LocalContainerEntityManagerFactoryBean : Closing JPA EntityManagerFactory for persistence unit 'default'
2024-06-19T18:06:16.270-05:00  INFO 65725 --- [productrestapi] [SpringApplicationShutdownHook] com.zaxxer.hikari.HikariDataSource       : HikariPool-1 - Shutdown initiated...
2024-06-19T18:06:16.283-05:00  INFO 65725 --- [productrestapi] [SpringApplicationShutdownHook] com.zaxxer.hikari.HikariDataSource       : HikariPool-1 - Shutdown completed.
2024-06-19T18:07:15.647-05:00  INFO 65676 --- [productrestapi] [RMI TCP Connection(5)-127.0.0.1] inMXBeanRegistrar$SpringApplicationAdmin : Application shutdown requested.
2024-06-19T18:07:15.669-05:00  INFO 65676 --- [productrestapi] [RMI TCP Connection(5)-127.0.0.1] j.LocalContainerEntityManagerFactoryBean : Closing JPA EntityManagerFactory for persistence unit 'default'
2024-06-19T18:07:15.674-05:00  INFO 65676 --- [productrestapi] [RMI TCP Connection(5)-127.0.0.1] com.zaxxer.hikari.HikariDataSource       : HikariPool-1 - Shutdown initiated...
2024-06-19T18:07:15.685-05:00  INFO 65676 --- [productrestapi] [RMI TCP Connection(5)-127.0.0.1] com.zaxxer.hikari.HikariDataSource       : HikariPool-1 - Shutdown completed.
